--- Starting Parallel Workflow ---
Running starting task...
# Pi: 		 3.14159265358981
# Threads:	 1 
# Iterations:	 500000000 
# Time(s):	 0.922215 
Running 4 intermediate tasks in parallel...
Waiting for parallel tasks to complete...
# Pi: 		 3.14159265358981
# Threads:	 1 
# Iterations:	 500000000 
# Time(s):	 1.195154 
# Pi: 		 3.14159265358981
# Threads:	 1 
# Iterations:	 500000000 
# Time(s):	 1.195344 
# Pi: 		 3.14159265358981
# Threads:	 1 
# Iterations:	 500000000 
# Time(s):	 1.196489 
# Pi: 		 3.14159265358981
# Threads:	 1 
# Iterations:	 500000000 
# Time(s):	 1.195422 
Running ending task...
# Pi: 		 3.14159265358981
# Threads:	 1 
# Iterations:	 500000000 
# Time(s):	 0.919339 
--- Parallel Workflow Finished ---
Total Elapsed Time: 3 seconds
