--- Starting Serial Workflow ---
# Pi: 		 3.14159265358981
# Threads:	 1 
# Iterations:	 500000000 
# Time(s):	 0.913962 
# Pi: 		 3.14159265358981
# Threads:	 1 
# Iterations:	 500000000 
# Time(s):	 0.912941 
# Pi: 		 3.14159265358981
# Threads:	 1 
# Iterations:	 500000000 
# Time(s):	 0.913120 
# Pi: 		 3.14159265358981
# Threads:	 1 
# Iterations:	 500000000 
# Time(s):	 0.912960 
# Pi: 		 3.14159265358981
# Threads:	 1 
# Iterations:	 500000000 
# Time(s):	 0.928164 
# Pi: 		 3.14159265358981
# Threads:	 1 
# Iterations:	 500000000 
# Time(s):	 0.942492 
--- Serial Workflow Finished ---
Total Elapsed Time: 5 seconds
